2023-01-18 22:57:55,652 INFO com.javasession.bms.BmsApplication [restartedMain] Starting BmsApplication using Java 1.8.0_162 on MSI with PID 14036 (C:\Users\ARAVIND REDDY\Downloads\spring-boot\ems\target\classes started by ARAVIND REDDY in C:\Users\ARAVIND REDDY\Downloads\spring-boot\ems)
2023-01-18 22:57:55,653 INFO com.javasession.bms.BmsApplication [restartedMain] No active profile set, falling back to 1 default profile: "default"
2023-01-18 22:57:55,783 INFO org.springframework.data.repository.config.RepositoryConfigurationDelegate [restartedMain] Bootstrapping Spring Data JPA repositories in DEFAULT mode.
2023-01-18 22:57:55,800 INFO org.springframework.data.repository.config.RepositoryConfigurationDelegate [restartedMain] Finished Spring Data repository scanning in 16 ms. Found 3 JPA repository interfaces.
2023-01-18 22:57:55,888 INFO org.springframework.boot.web.embedded.tomcat.TomcatWebServer [restartedMain] Tomcat initialized with port(s): 8080 (http)
2023-01-18 22:57:55,888 INFO org.apache.catalina.core.StandardService [restartedMain] Starting service [Tomcat]
2023-01-18 22:57:55,889 INFO org.apache.catalina.core.StandardEngine [restartedMain] Starting Servlet engine: [Apache Tomcat/9.0.70]
2023-01-18 22:57:55,897 INFO org.apache.catalina.core.ContainerBase.[Tomcat].[localhost].[/] [restartedMain] Initializing Spring embedded WebApplicationContext
2023-01-18 22:57:55,897 INFO org.springframework.boot.web.servlet.context.ServletWebServerApplicationContext [restartedMain] Root WebApplicationContext: initialization completed in 243 ms
2023-01-18 22:57:55,902 INFO com.zaxxer.hikari.HikariDataSource [restartedMain] HikariPool-8 - Starting...
2023-01-18 22:57:55,917 INFO com.zaxxer.hikari.HikariDataSource [restartedMain] HikariPool-8 - Start completed.
2023-01-18 22:57:55,917 INFO org.springframework.boot.autoconfigure.h2.H2ConsoleAutoConfiguration [restartedMain] H2 console available at '/h2-console'. Database available at 'jdbc:mysql://localhost:3306/ems'
2023-01-18 22:57:55,937 INFO org.hibernate.jpa.internal.util.LogHelper [restartedMain] HHH000204: Processing PersistenceUnitInfo [name: default]
2023-01-18 22:57:55,940 INFO org.hibernate.dialect.Dialect [restartedMain] HHH000400: Using dialect: org.hibernate.dialect.MySQL8Dialect
2023-01-18 22:57:55,970 INFO org.hibernate.engine.transaction.jta.platform.internal.JtaPlatformInitiator [restartedMain] HHH000490: Using JtaPlatform implementation: [org.hibernate.engine.transaction.jta.platform.internal.NoJtaPlatform]
2023-01-18 22:57:55,970 INFO org.springframework.orm.jpa.LocalContainerEntityManagerFactoryBean [restartedMain] Initialized JPA EntityManagerFactory for persistence unit 'default'
2023-01-18 22:57:55,983 WARN org.springframework.boot.autoconfigure.orm.jpa.JpaBaseConfiguration$JpaWebConfiguration [restartedMain] spring.jpa.open-in-view is enabled by default. Therefore, database queries may be performed during view rendering. Explicitly configure spring.jpa.open-in-view to disable this warning
2023-01-18 22:57:56,087 INFO org.springframework.security.web.DefaultSecurityFilterChain [restartedMain] Will secure any request with [org.springframework.security.web.session.DisableEncodeUrlFilter@1e40a1a6, org.springframework.security.web.context.request.async.WebAsyncManagerIntegrationFilter@775d0ca8, org.springframework.security.web.context.SecurityContextPersistenceFilter@5cb5487a, org.springframework.security.web.header.HeaderWriterFilter@547da16d, org.springframework.security.web.authentication.logout.LogoutFilter@24e5c11f, org.springframework.security.web.authentication.www.BasicAuthenticationFilter@4fde4f6f, org.springframework.security.web.savedrequest.RequestCacheAwareFilter@4485eab6, org.springframework.security.web.servletapi.SecurityContextHolderAwareRequestFilter@7dca4d82, org.springframework.security.web.authentication.AnonymousAuthenticationFilter@2207ae54, org.springframework.security.web.session.SessionManagementFilter@77fb1f7d, org.springframework.security.web.access.ExceptionTranslationFilter@2e66c9cb, org.springframework.security.web.access.intercept.FilterSecurityInterceptor@15c6f082]
2023-01-18 22:57:56,093 INFO org.springframework.boot.devtools.autoconfigure.OptionalLiveReloadServer [restartedMain] LiveReload server is running on port 35729
2023-01-18 22:57:56,099 INFO org.springframework.boot.web.embedded.tomcat.TomcatWebServer [restartedMain] Tomcat started on port(s): 8080 (http) with context path ''
2023-01-18 22:57:56,102 INFO com.javasession.bms.BmsApplication [restartedMain] Started BmsApplication in 0.508 seconds (JVM running for 444.044)
2023-01-18 22:57:56,103 INFO org.springframework.boot.devtools.autoconfigure.ConditionEvaluationDeltaLoggingListener [restartedMain] Condition evaluation unchanged
2023-01-18 22:59:16,204 INFO org.springframework.boot.devtools.autoconfigure.LocalDevToolsAutoConfiguration$RestartingClassPathChangeChangedEventListener [File Watcher] Restarting due to 1 class path change (0 additions, 0 deletions, 1 modification)
2023-01-18 22:59:16,328 INFO org.apache.catalina.core.StandardService [Thread-32] Stopping service [Tomcat]
2023-01-18 22:59:16,334 INFO org.springframework.orm.jpa.LocalContainerEntityManagerFactoryBean [Thread-32] Closing JPA EntityManagerFactory for persistence unit 'default'
2023-01-18 22:59:16,334 INFO com.zaxxer.hikari.HikariDataSource [Thread-32] HikariPool-8 - Shutdown initiated...
2023-01-18 22:59:16,350 INFO com.zaxxer.hikari.HikariDataSource [Thread-32] HikariPool-8 - Shutdown completed.
2023-01-18 22:59:16,522 INFO com.javasession.bms.BmsApplication [restartedMain] Starting BmsApplication using Java 1.8.0_162 on MSI with PID 14036 (C:\Users\ARAVIND REDDY\Downloads\spring-boot\ems\target\classes started by ARAVIND REDDY in C:\Users\ARAVIND REDDY\Downloads\spring-boot\ems)
2023-01-18 22:59:16,522 INFO com.javasession.bms.BmsApplication [restartedMain] No active profile set, falling back to 1 default profile: "default"
2023-01-18 22:59:16,648 INFO org.springframework.data.repository.config.RepositoryConfigurationDelegate [restartedMain] Bootstrapping Spring Data JPA repositories in DEFAULT mode.
2023-01-18 22:59:16,664 INFO org.springframework.data.repository.config.RepositoryConfigurationDelegate [restartedMain] Finished Spring Data repository scanning in 15 ms. Found 3 JPA repository interfaces.
2023-01-18 22:59:16,750 INFO org.springframework.boot.web.embedded.tomcat.TomcatWebServer [restartedMain] Tomcat initialized with port(s): 8080 (http)
2023-01-18 22:59:16,750 INFO org.apache.catalina.core.StandardService [restartedMain] Starting service [Tomcat]
2023-01-18 22:59:16,750 INFO org.apache.catalina.core.StandardEngine [restartedMain] Starting Servlet engine: [Apache Tomcat/9.0.70]
2023-01-18 22:59:16,759 INFO org.apache.catalina.core.ContainerBase.[Tomcat].[localhost].[/] [restartedMain] Initializing Spring embedded WebApplicationContext
2023-01-18 22:59:16,759 INFO org.springframework.boot.web.servlet.context.ServletWebServerApplicationContext [restartedMain] Root WebApplicationContext: initialization completed in 235 ms
2023-01-18 22:59:16,764 INFO com.zaxxer.hikari.HikariDataSource [restartedMain] HikariPool-9 - Starting...
2023-01-18 22:59:16,772 INFO com.zaxxer.hikari.HikariDataSource [restartedMain] HikariPool-9 - Start completed.
2023-01-18 22:59:16,772 INFO org.springframework.boot.autoconfigure.h2.H2ConsoleAutoConfiguration [restartedMain] H2 console available at '/h2-console'. Database available at 'jdbc:mysql://localhost:3306/ems'
2023-01-18 22:59:16,787 INFO org.hibernate.jpa.internal.util.LogHelper [restartedMain] HHH000204: Processing PersistenceUnitInfo [name: default]
2023-01-18 22:59:16,789 INFO org.hibernate.dialect.Dialect [restartedMain] HHH000400: Using dialect: org.hibernate.dialect.MySQL8Dialect
2023-01-18 22:59:16,817 INFO org.hibernate.engine.transaction.jta.platform.internal.JtaPlatformInitiator [restartedMain] HHH000490: Using JtaPlatform implementation: [org.hibernate.engine.transaction.jta.platform.internal.NoJtaPlatform]
2023-01-18 22:59:16,817 INFO org.springframework.orm.jpa.LocalContainerEntityManagerFactoryBean [restartedMain] Initialized JPA EntityManagerFactory for persistence unit 'default'
2023-01-18 22:59:16,828 WARN org.springframework.boot.autoconfigure.orm.jpa.JpaBaseConfiguration$JpaWebConfiguration [restartedMain] spring.jpa.open-in-view is enabled by default. Therefore, database queries may be performed during view rendering. Explicitly configure spring.jpa.open-in-view to disable this warning
2023-01-18 22:59:16,935 INFO org.springframework.security.web.DefaultSecurityFilterChain [restartedMain] Will secure any request with [org.springframework.security.web.session.DisableEncodeUrlFilter@7d422a1c, org.springframework.security.web.context.request.async.WebAsyncManagerIntegrationFilter@67938832, org.springframework.security.web.context.SecurityContextPersistenceFilter@46cfd1a1, org.springframework.security.web.header.HeaderWriterFilter@41b91b4a, org.springframework.security.web.authentication.logout.LogoutFilter@5836f15c, org.springframework.security.web.authentication.www.BasicAuthenticationFilter@64a02937, org.springframework.security.web.savedrequest.RequestCacheAwareFilter@ee65994, org.springframework.security.web.servletapi.SecurityContextHolderAwareRequestFilter@78c6049, org.springframework.security.web.authentication.AnonymousAuthenticationFilter@5528e064, org.springframework.security.web.session.SessionManagementFilter@37aa11a4, org.springframework.security.web.access.ExceptionTranslationFilter@20ad098d, org.springframework.security.web.access.intercept.FilterSecurityInterceptor@7f5feca4]
2023-01-18 22:59:16,938 INFO org.springframework.boot.devtools.autoconfigure.OptionalLiveReloadServer [restartedMain] LiveReload server is running on port 35729
2023-01-18 22:59:16,942 INFO org.springframework.boot.web.embedded.tomcat.TomcatWebServer [restartedMain] Tomcat started on port(s): 8080 (http) with context path ''
2023-01-18 22:59:16,945 INFO com.javasession.bms.BmsApplication [restartedMain] Started BmsApplication in 0.442 seconds (JVM running for 524.886)
2023-01-18 22:59:16,947 INFO org.springframework.boot.devtools.autoconfigure.ConditionEvaluationDeltaLoggingListener [restartedMain] Condition evaluation unchanged
2023-01-18 23:00:14,376 INFO com.javasession.bms.BmsApplication [restartedMain] Starting BmsApplication using Java 1.8.0_162 on MSI with PID 21200 (C:\Users\ARAVIND REDDY\Downloads\spring-boot\ems\target\classes started by ARAVIND REDDY in C:\Users\ARAVIND REDDY\Downloads\spring-boot\ems)
2023-01-18 23:00:14,379 INFO com.javasession.bms.BmsApplication [restartedMain] No active profile set, falling back to 1 default profile: "default"
2023-01-18 23:00:14,430 INFO org.springframework.boot.devtools.env.DevToolsPropertyDefaultsPostProcessor [restartedMain] Devtools property defaults active! Set 'spring.devtools.add-properties' to 'false' to disable
2023-01-18 23:00:14,431 INFO org.springframework.boot.devtools.env.DevToolsPropertyDefaultsPostProcessor [restartedMain] For additional web related logging consider setting the 'logging.level.web' property to 'DEBUG'
2023-01-18 23:00:15,334 INFO org.springframework.data.repository.config.RepositoryConfigurationDelegate [restartedMain] Bootstrapping Spring Data JPA repositories in DEFAULT mode.
2023-01-18 23:00:15,415 INFO org.springframework.data.repository.config.RepositoryConfigurationDelegate [restartedMain] Finished Spring Data repository scanning in 72 ms. Found 3 JPA repository interfaces.
2023-01-18 23:00:16,444 INFO org.springframework.boot.web.embedded.tomcat.TomcatWebServer [restartedMain] Tomcat initialized with port(s): 8080 (http)
2023-01-18 23:00:16,455 INFO org.apache.coyote.http11.Http11NioProtocol [restartedMain] Initializing ProtocolHandler ["http-nio-8080"]
2023-01-18 23:00:16,455 INFO org.apache.catalina.core.StandardService [restartedMain] Starting service [Tomcat]
2023-01-18 23:00:16,455 INFO org.apache.catalina.core.StandardEngine [restartedMain] Starting Servlet engine: [Apache Tomcat/9.0.70]
2023-01-18 23:00:16,544 INFO org.apache.catalina.core.ContainerBase.[Tomcat].[localhost].[/] [restartedMain] Initializing Spring embedded WebApplicationContext
2023-01-18 23:00:16,545 INFO org.springframework.boot.web.servlet.context.ServletWebServerApplicationContext [restartedMain] Root WebApplicationContext: initialization completed in 2112 ms
2023-01-18 23:00:16,581 INFO com.zaxxer.hikari.HikariDataSource [restartedMain] HikariPool-1 - Starting...
2023-01-18 23:00:17,080 INFO com.zaxxer.hikari.HikariDataSource [restartedMain] HikariPool-1 - Start completed.
2023-01-18 23:00:17,089 INFO org.springframework.boot.autoconfigure.h2.H2ConsoleAutoConfiguration [restartedMain] H2 console available at '/h2-console'. Database available at 'jdbc:mysql://localhost:3306/ems'
2023-01-18 23:00:17,333 INFO org.hibernate.jpa.internal.util.LogHelper [restartedMain] HHH000204: Processing PersistenceUnitInfo [name: default]
2023-01-18 23:00:17,402 INFO org.hibernate.Version [restartedMain] HHH000412: Hibernate ORM core version 5.6.14.Final
2023-01-18 23:00:17,600 INFO org.hibernate.annotations.common.Version [restartedMain] HCANN000001: Hibernate Commons Annotations {5.1.2.Final}
2023-01-18 23:00:17,743 INFO org.hibernate.dialect.Dialect [restartedMain] HHH000400: Using dialect: org.hibernate.dialect.MySQL8Dialect
2023-01-18 23:00:18,478 INFO org.hibernate.engine.transaction.jta.platform.internal.JtaPlatformInitiator [restartedMain] HHH000490: Using JtaPlatform implementation: [org.hibernate.engine.transaction.jta.platform.internal.NoJtaPlatform]
2023-01-18 23:00:18,493 INFO org.springframework.orm.jpa.LocalContainerEntityManagerFactoryBean [restartedMain] Initialized JPA EntityManagerFactory for persistence unit 'default'
2023-01-18 23:00:18,543 WARN org.springframework.boot.autoconfigure.orm.jpa.JpaBaseConfiguration$JpaWebConfiguration [restartedMain] spring.jpa.open-in-view is enabled by default. Therefore, database queries may be performed during view rendering. Explicitly configure spring.jpa.open-in-view to disable this warning
2023-01-18 23:00:19,683 INFO org.springframework.security.web.DefaultSecurityFilterChain [restartedMain] Will secure any request with [org.springframework.security.web.session.DisableEncodeUrlFilter@294d6f7b, org.springframework.security.web.context.request.async.WebAsyncManagerIntegrationFilter@5df37928, org.springframework.security.web.context.SecurityContextPersistenceFilter@1b6df6d8, org.springframework.security.web.header.HeaderWriterFilter@450c8aea, org.springframework.security.web.authentication.logout.LogoutFilter@7040a3a3, org.springframework.security.web.authentication.www.BasicAuthenticationFilter@3d442393, org.springframework.security.web.savedrequest.RequestCacheAwareFilter@6b588db5, org.springframework.security.web.servletapi.SecurityContextHolderAwareRequestFilter@7b71cc7f, org.springframework.security.web.authentication.AnonymousAuthenticationFilter@1f010bd1, org.springframework.security.web.session.SessionManagementFilter@ab04ea6, org.springframework.security.web.access.ExceptionTranslationFilter@7a3e670b, org.springframework.security.web.access.intercept.FilterSecurityInterceptor@3515e202]
2023-01-18 23:00:19,735 INFO org.springframework.boot.devtools.autoconfigure.OptionalLiveReloadServer [restartedMain] LiveReload server is running on port 35729
2023-01-18 23:00:19,747 INFO org.apache.coyote.http11.Http11NioProtocol [restartedMain] Starting ProtocolHandler ["http-nio-8080"]
2023-01-18 23:00:19,772 INFO org.springframework.boot.web.embedded.tomcat.TomcatWebServer [restartedMain] Tomcat started on port(s): 8080 (http) with context path ''
2023-01-18 23:00:19,782 INFO com.javasession.bms.BmsApplication [restartedMain] Started BmsApplication in 5.763 seconds (JVM running for 6.417)
2023-01-18 23:01:06,123 INFO org.springframework.boot.devtools.autoconfigure.LocalDevToolsAutoConfiguration$RestartingClassPathChangeChangedEventListener [File Watcher] Restarting due to 1 class path change (0 additions, 0 deletions, 1 modification)
2023-01-18 23:01:06,241 INFO org.apache.coyote.http11.Http11NioProtocol [Thread-6] Pausing ProtocolHandler ["http-nio-8080"]
2023-01-18 23:01:06,241 INFO org.apache.catalina.core.StandardService [Thread-6] Stopping service [Tomcat]
2023-01-18 23:01:06,244 INFO org.apache.coyote.http11.Http11NioProtocol [Thread-6] Stopping ProtocolHandler ["http-nio-8080"]
2023-01-18 23:01:06,246 INFO org.apache.coyote.http11.Http11NioProtocol [Thread-6] Destroying ProtocolHandler ["http-nio-8080"]
2023-01-18 23:01:06,249 INFO org.springframework.orm.jpa.LocalContainerEntityManagerFactoryBean [Thread-6] Closing JPA EntityManagerFactory for persistence unit 'default'
2023-01-18 23:01:06,251 INFO com.zaxxer.hikari.HikariDataSource [Thread-6] HikariPool-1 - Shutdown initiated...
2023-01-18 23:01:06,253 INFO com.zaxxer.hikari.HikariDataSource [Thread-6] HikariPool-1 - Shutdown completed.
2023-01-18 23:01:06,405 INFO com.javasession.bms.BmsApplication [restartedMain] Starting BmsApplication using Java 1.8.0_162 on MSI with PID 21200 (C:\Users\ARAVIND REDDY\Downloads\spring-boot\ems\target\classes started by ARAVIND REDDY in C:\Users\ARAVIND REDDY\Downloads\spring-boot\ems)
2023-01-18 23:01:06,405 INFO com.javasession.bms.BmsApplication [restartedMain] No active profile set, falling back to 1 default profile: "default"
2023-01-18 23:01:06,578 INFO org.springframework.data.repository.config.RepositoryConfigurationDelegate [restartedMain] Bootstrapping Spring Data JPA repositories in DEFAULT mode.
2023-01-18 23:01:06,602 INFO org.springframework.data.repository.config.RepositoryConfigurationDelegate [restartedMain] Finished Spring Data repository scanning in 24 ms. Found 3 JPA repository interfaces.
2023-01-18 23:01:06,710 INFO org.springframework.boot.web.embedded.tomcat.TomcatWebServer [restartedMain] Tomcat initialized with port(s): 8080 (http)
2023-01-18 23:01:06,710 INFO org.apache.coyote.http11.Http11NioProtocol [restartedMain] Initializing ProtocolHandler ["http-nio-8080"]
2023-01-18 23:01:06,710 INFO org.apache.catalina.core.StandardService [restartedMain] Starting service [Tomcat]
2023-01-18 23:01:06,710 INFO org.apache.catalina.core.StandardEngine [restartedMain] Starting Servlet engine: [Apache Tomcat/9.0.70]
2023-01-18 23:01:06,723 INFO org.apache.catalina.core.ContainerBase.[Tomcat].[localhost].[/] [restartedMain] Initializing Spring embedded WebApplicationContext
2023-01-18 23:01:06,723 INFO org.springframework.boot.web.servlet.context.ServletWebServerApplicationContext [restartedMain] Root WebApplicationContext: initialization completed in 316 ms
2023-01-18 23:01:06,731 INFO com.zaxxer.hikari.HikariDataSource [restartedMain] HikariPool-2 - Starting...
2023-01-18 23:01:06,741 INFO com.zaxxer.hikari.HikariDataSource [restartedMain] HikariPool-2 - Start completed.
2023-01-18 23:01:06,742 INFO org.springframework.boot.autoconfigure.h2.H2ConsoleAutoConfiguration [restartedMain] H2 console available at '/h2-console'. Database available at 'jdbc:mysql://localhost:3306/ems'
2023-01-18 23:01:06,763 INFO org.hibernate.jpa.internal.util.LogHelper [restartedMain] HHH000204: Processing PersistenceUnitInfo [name: default]
2023-01-18 23:01:06,767 INFO org.hibernate.dialect.Dialect [restartedMain] HHH000400: Using dialect: org.hibernate.dialect.MySQL8Dialect
2023-01-18 23:01:06,806 INFO org.hibernate.engine.transaction.jta.platform.internal.JtaPlatformInitiator [restartedMain] HHH000490: Using JtaPlatform implementation: [org.hibernate.engine.transaction.jta.platform.internal.NoJtaPlatform]
2023-01-18 23:01:06,806 INFO org.springframework.orm.jpa.LocalContainerEntityManagerFactoryBean [restartedMain] Initialized JPA EntityManagerFactory for persistence unit 'default'
2023-01-18 23:01:06,822 WARN org.springframework.boot.autoconfigure.orm.jpa.JpaBaseConfiguration$JpaWebConfiguration [restartedMain] spring.jpa.open-in-view is enabled by default. Therefore, database queries may be performed during view rendering. Explicitly configure spring.jpa.open-in-view to disable this warning
2023-01-18 23:01:06,995 INFO org.springframework.security.web.DefaultSecurityFilterChain [restartedMain] Will secure any request with [org.springframework.security.web.session.DisableEncodeUrlFilter@9ae9137, org.springframework.security.web.context.request.async.WebAsyncManagerIntegrationFilter@64607e7e, org.springframework.security.web.context.SecurityContextPersistenceFilter@633c265e, org.springframework.security.web.header.HeaderWriterFilter@7a18992b, org.springframework.security.web.authentication.logout.LogoutFilter@278a43e7, org.springframework.security.web.authentication.www.BasicAuthenticationFilter@859f029, org.springframework.security.web.savedrequest.RequestCacheAwareFilter@14277b64, org.springframework.security.web.servletapi.SecurityContextHolderAwareRequestFilter@2a48690a, org.springframework.security.web.authentication.AnonymousAuthenticationFilter@96fc001, org.springframework.security.web.session.SessionManagementFilter@2d5452ae, org.springframework.security.web.access.ExceptionTranslationFilter@4e873d60, org.springframework.security.web.access.intercept.FilterSecurityInterceptor@272c02d2]
2023-01-18 23:01:07,004 INFO org.springframework.boot.devtools.autoconfigure.OptionalLiveReloadServer [restartedMain] LiveReload server is running on port 35729
2023-01-18 23:01:07,008 INFO org.apache.coyote.http11.Http11NioProtocol [restartedMain] Starting ProtocolHandler ["http-nio-8080"]
2023-01-18 23:01:07,010 INFO org.springframework.boot.web.embedded.tomcat.TomcatWebServer [restartedMain] Tomcat started on port(s): 8080 (http) with context path ''
2023-01-18 23:01:07,014 INFO com.javasession.bms.BmsApplication [restartedMain] Started BmsApplication in 0.636 seconds (JVM running for 53.649)
2023-01-18 23:01:07,016 INFO org.springframework.boot.devtools.autoconfigure.ConditionEvaluationDeltaLoggingListener [restartedMain] Condition evaluation unchanged
2023-01-18 23:23:11,888 INFO com.javasession.ems.EmsApplicationTests [main] Starting EmsApplicationTests using Java 1.8.0_162 on MSI with PID 14044 (started by ARAVIND REDDY in C:\Users\ARAVIND REDDY\Downloads\spring-boot\ems)
2023-01-18 23:23:11,890 INFO com.javasession.ems.EmsApplicationTests [main] No active profile set, falling back to 1 default profile: "default"
2023-01-18 23:23:12,432 INFO org.springframework.data.repository.config.RepositoryConfigurationDelegate [main] Bootstrapping Spring Data JPA repositories in DEFAULT mode.
2023-01-18 23:23:12,490 INFO org.springframework.data.repository.config.RepositoryConfigurationDelegate [main] Finished Spring Data repository scanning in 51 ms. Found 3 JPA repository interfaces.
2023-01-18 23:23:12,993 INFO org.hibernate.jpa.internal.util.LogHelper [main] HHH000204: Processing PersistenceUnitInfo [name: default]
2023-01-18 23:23:13,053 INFO org.hibernate.Version [main] HHH000412: Hibernate ORM core version 5.6.14.Final
2023-01-18 23:23:13,252 INFO org.hibernate.annotations.common.Version [main] HCANN000001: Hibernate Commons Annotations {5.1.2.Final}
2023-01-18 23:23:13,520 INFO com.zaxxer.hikari.HikariDataSource [main] HikariPool-1 - Starting...
2023-01-18 23:23:13,961 INFO com.zaxxer.hikari.HikariDataSource [main] HikariPool-1 - Start completed.
2023-01-18 23:23:13,991 INFO org.hibernate.dialect.Dialect [main] HHH000400: Using dialect: org.hibernate.dialect.MySQL8Dialect
2023-01-18 23:23:14,739 INFO org.hibernate.engine.transaction.jta.platform.internal.JtaPlatformInitiator [main] HHH000490: Using JtaPlatform implementation: [org.hibernate.engine.transaction.jta.platform.internal.NoJtaPlatform]
2023-01-18 23:23:14,747 INFO org.springframework.orm.jpa.LocalContainerEntityManagerFactoryBean [main] Initialized JPA EntityManagerFactory for persistence unit 'default'
2023-01-18 23:23:14,797 WARN org.springframework.boot.autoconfigure.orm.jpa.JpaBaseConfiguration$JpaWebConfiguration [main] spring.jpa.open-in-view is enabled by default. Therefore, database queries may be performed during view rendering. Explicitly configure spring.jpa.open-in-view to disable this warning
2023-01-18 23:23:16,175 INFO org.springframework.security.web.DefaultSecurityFilterChain [main] Will secure any request with [org.springframework.security.web.session.DisableEncodeUrlFilter@1e4d8770, org.springframework.security.web.context.request.async.WebAsyncManagerIntegrationFilter@5b5b9521, org.springframework.security.web.context.SecurityContextPersistenceFilter@6c1e40d9, org.springframework.security.web.header.HeaderWriterFilter@2b8cf049, org.springframework.security.web.authentication.logout.LogoutFilter@690ed13a, org.springframework.security.web.authentication.www.BasicAuthenticationFilter@6bc25ac2, org.springframework.security.web.savedrequest.RequestCacheAwareFilter@2e0fdc83, org.springframework.security.web.servletapi.SecurityContextHolderAwareRequestFilter@3fe98084, org.springframework.security.web.authentication.AnonymousAuthenticationFilter@41f7c02d, org.springframework.security.web.session.SessionManagementFilter@4a944af9, org.springframework.security.web.access.ExceptionTranslationFilter@14239223, org.springframework.security.web.access.intercept.FilterSecurityInterceptor@aa8dce8]
2023-01-18 23:23:16,251 INFO com.javasession.ems.EmsApplicationTests [main] Started EmsApplicationTests in 4.61 seconds (JVM running for 5.309)
2023-01-18 23:23:16,330 INFO org.springframework.orm.jpa.LocalContainerEntityManagerFactoryBean [SpringApplicationShutdownHook] Closing JPA EntityManagerFactory for persistence unit 'default'
2023-01-18 23:23:16,331 INFO com.zaxxer.hikari.HikariDataSource [SpringApplicationShutdownHook] HikariPool-1 - Shutdown initiated...
2023-01-18 23:23:16,334 INFO com.zaxxer.hikari.HikariDataSource [SpringApplicationShutdownHook] HikariPool-1 - Shutdown completed.
2023-01-18 23:29:18,201 INFO com.javasession.ems.EmsApplicationTests [main] Starting EmsApplicationTests using Java 1.8.0_162 on MSI with PID 4700 (started by ARAVIND REDDY in C:\Users\ARAVIND REDDY\Downloads\spring-boot\ems)
2023-01-18 23:29:18,203 INFO com.javasession.ems.EmsApplicationTests [main] No active profile set, falling back to 1 default profile: "default"
2023-01-18 23:29:18,688 INFO org.springframework.data.repository.config.RepositoryConfigurationDelegate [main] Bootstrapping Spring Data JPA repositories in DEFAULT mode.
2023-01-18 23:29:18,742 INFO org.springframework.data.repository.config.RepositoryConfigurationDelegate [main] Finished Spring Data repository scanning in 41 ms. Found 3 JPA repository interfaces.
2023-01-18 23:29:19,193 INFO org.hibernate.jpa.internal.util.LogHelper [main] HHH000204: Processing PersistenceUnitInfo [name: default]
2023-01-18 23:29:19,237 INFO org.hibernate.Version [main] HHH000412: Hibernate ORM core version 5.6.14.Final
2023-01-18 23:29:19,441 INFO org.hibernate.annotations.common.Version [main] HCANN000001: Hibernate Commons Annotations {5.1.2.Final}
2023-01-18 23:29:19,676 INFO com.zaxxer.hikari.HikariDataSource [main] HikariPool-1 - Starting...
2023-01-18 23:29:20,069 INFO com.zaxxer.hikari.HikariDataSource [main] HikariPool-1 - Start completed.
2023-01-18 23:29:20,097 INFO org.hibernate.dialect.Dialect [main] HHH000400: Using dialect: org.hibernate.dialect.MySQL8Dialect
2023-01-18 23:29:20,660 INFO org.hibernate.engine.transaction.jta.platform.internal.JtaPlatformInitiator [main] HHH000490: Using JtaPlatform implementation: [org.hibernate.engine.transaction.jta.platform.internal.NoJtaPlatform]
2023-01-18 23:29:20,668 INFO org.springframework.orm.jpa.LocalContainerEntityManagerFactoryBean [main] Initialized JPA EntityManagerFactory for persistence unit 'default'
2023-01-18 23:29:20,722 WARN org.springframework.boot.autoconfigure.orm.jpa.JpaBaseConfiguration$JpaWebConfiguration [main] spring.jpa.open-in-view is enabled by default. Therefore, database queries may be performed during view rendering. Explicitly configure spring.jpa.open-in-view to disable this warning
2023-01-18 23:29:21,934 INFO org.springframework.security.web.DefaultSecurityFilterChain [main] Will secure any request with [org.springframework.security.web.session.DisableEncodeUrlFilter@7976e536, org.springframework.security.web.context.request.async.WebAsyncManagerIntegrationFilter@670a4738, org.springframework.security.web.context.SecurityContextPersistenceFilter@42dd7d82, org.springframework.security.web.header.HeaderWriterFilter@4ed19b69, org.springframework.security.web.authentication.logout.LogoutFilter@1eb6037d, org.springframework.security.web.authentication.www.BasicAuthenticationFilter@511d5e6e, org.springframework.security.web.savedrequest.RequestCacheAwareFilter@fb5d334, org.springframework.security.web.servletapi.SecurityContextHolderAwareRequestFilter@4d664323, org.springframework.security.web.authentication.AnonymousAuthenticationFilter@47ffdbba, org.springframework.security.web.session.SessionManagementFilter@6f65aa58, org.springframework.security.web.access.ExceptionTranslationFilter@b339a08, org.springframework.security.web.access.intercept.FilterSecurityInterceptor@5bf523e3]
2023-01-18 23:29:22,007 INFO com.javasession.ems.EmsApplicationTests [main] Started EmsApplicationTests in 3.998 seconds (JVM running for 4.667)
2023-01-18 23:29:22,163 INFO org.springframework.orm.jpa.LocalContainerEntityManagerFactoryBean [SpringApplicationShutdownHook] Closing JPA EntityManagerFactory for persistence unit 'default'
2023-01-18 23:29:22,165 INFO com.zaxxer.hikari.HikariDataSource [SpringApplicationShutdownHook] HikariPool-1 - Shutdown initiated...
2023-01-18 23:29:22,169 INFO com.zaxxer.hikari.HikariDataSource [SpringApplicationShutdownHook] HikariPool-1 - Shutdown completed.
2023-01-18 23:29:41,456 INFO com.javasession.ems.EmsApplicationTests [main] Starting EmsApplicationTests using Java 1.8.0_162 on MSI with PID 6372 (started by ARAVIND REDDY in C:\Users\ARAVIND REDDY\Downloads\spring-boot\ems)
2023-01-18 23:29:41,458 INFO com.javasession.ems.EmsApplicationTests [main] No active profile set, falling back to 1 default profile: "default"
2023-01-18 23:29:41,936 INFO org.springframework.data.repository.config.RepositoryConfigurationDelegate [main] Bootstrapping Spring Data JPA repositories in DEFAULT mode.
2023-01-18 23:29:41,989 INFO org.springframework.data.repository.config.RepositoryConfigurationDelegate [main] Finished Spring Data repository scanning in 46 ms. Found 3 JPA repository interfaces.
2023-01-18 23:29:42,452 INFO org.hibernate.jpa.internal.util.LogHelper [main] HHH000204: Processing PersistenceUnitInfo [name: default]
2023-01-18 23:29:42,495 INFO org.hibernate.Version [main] HHH000412: Hibernate ORM core version 5.6.14.Final
2023-01-18 23:29:42,703 INFO org.hibernate.annotations.common.Version [main] HCANN000001: Hibernate Commons Annotations {5.1.2.Final}
2023-01-18 23:29:42,933 INFO com.zaxxer.hikari.HikariDataSource [main] HikariPool-1 - Starting...
2023-01-18 23:29:43,327 INFO com.zaxxer.hikari.HikariDataSource [main] HikariPool-1 - Start completed.
2023-01-18 23:29:43,352 INFO org.hibernate.dialect.Dialect [main] HHH000400: Using dialect: org.hibernate.dialect.MySQL8Dialect
2023-01-18 23:29:43,855 INFO org.hibernate.engine.transaction.jta.platform.internal.JtaPlatformInitiator [main] HHH000490: Using JtaPlatform implementation: [org.hibernate.engine.transaction.jta.platform.internal.NoJtaPlatform]
2023-01-18 23:29:43,862 INFO org.springframework.orm.jpa.LocalContainerEntityManagerFactoryBean [main] Initialized JPA EntityManagerFactory for persistence unit 'default'
2023-01-18 23:29:43,917 WARN org.springframework.boot.autoconfigure.orm.jpa.JpaBaseConfiguration$JpaWebConfiguration [main] spring.jpa.open-in-view is enabled by default. Therefore, database queries may be performed during view rendering. Explicitly configure spring.jpa.open-in-view to disable this warning
2023-01-18 23:29:45,137 INFO org.springframework.security.web.DefaultSecurityFilterChain [main] Will secure any request with [org.springframework.security.web.session.DisableEncodeUrlFilter@6c1f15df, org.springframework.security.web.context.request.async.WebAsyncManagerIntegrationFilter@5e95b0ab, org.springframework.security.web.context.SecurityContextPersistenceFilter@5a583720, org.springframework.security.web.header.HeaderWriterFilter@720c8f80, org.springframework.security.web.authentication.logout.LogoutFilter@7be3abaa, org.springframework.security.web.authentication.www.BasicAuthenticationFilter@3a5ce4b8, org.springframework.security.web.savedrequest.RequestCacheAwareFilter@59a5bb61, org.springframework.security.web.servletapi.SecurityContextHolderAwareRequestFilter@42dd7d82, org.springframework.security.web.authentication.AnonymousAuthenticationFilter@5876bed9, org.springframework.security.web.session.SessionManagementFilter@77cc6a28, org.springframework.security.web.access.ExceptionTranslationFilter@7a30e30b, org.springframework.security.web.access.intercept.FilterSecurityInterceptor@4a0c3aa8]
2023-01-18 23:29:45,207 INFO com.javasession.ems.EmsApplicationTests [main] Started EmsApplicationTests in 3.945 seconds (JVM running for 4.577)
2023-01-18 23:29:45,373 INFO org.springframework.orm.jpa.LocalContainerEntityManagerFactoryBean [SpringApplicationShutdownHook] Closing JPA EntityManagerFactory for persistence unit 'default'
2023-01-18 23:29:45,374 INFO com.zaxxer.hikari.HikariDataSource [SpringApplicationShutdownHook] HikariPool-1 - Shutdown initiated...
2023-01-18 23:29:45,377 INFO com.zaxxer.hikari.HikariDataSource [SpringApplicationShutdownHook] HikariPool-1 - Shutdown completed.
2023-01-18 23:30:21,379 INFO com.javasession.ems.EmsApplicationTests [main] Starting EmsApplicationTests using Java 1.8.0_162 on MSI with PID 14068 (started by ARAVIND REDDY in C:\Users\ARAVIND REDDY\Downloads\spring-boot\ems)
2023-01-18 23:30:21,381 INFO com.javasession.ems.EmsApplicationTests [main] No active profile set, falling back to 1 default profile: "default"
2023-01-18 23:30:21,859 INFO org.springframework.data.repository.config.RepositoryConfigurationDelegate [main] Bootstrapping Spring Data JPA repositories in DEFAULT mode.
2023-01-18 23:30:21,912 INFO org.springframework.data.repository.config.RepositoryConfigurationDelegate [main] Finished Spring Data repository scanning in 46 ms. Found 3 JPA repository interfaces.
2023-01-18 23:30:22,381 INFO org.hibernate.jpa.internal.util.LogHelper [main] HHH000204: Processing PersistenceUnitInfo [name: default]
2023-01-18 23:30:22,426 INFO org.hibernate.Version [main] HHH000412: Hibernate ORM core version 5.6.14.Final
2023-01-18 23:30:22,620 INFO org.hibernate.annotations.common.Version [main] HCANN000001: Hibernate Commons Annotations {5.1.2.Final}
2023-01-18 23:30:22,863 INFO com.zaxxer.hikari.HikariDataSource [main] HikariPool-1 - Starting...
2023-01-18 23:30:23,254 INFO com.zaxxer.hikari.HikariDataSource [main] HikariPool-1 - Start completed.
2023-01-18 23:30:23,280 INFO org.hibernate.dialect.Dialect [main] HHH000400: Using dialect: org.hibernate.dialect.MySQL8Dialect
2023-01-18 23:30:23,826 INFO org.hibernate.engine.transaction.jta.platform.internal.JtaPlatformInitiator [main] HHH000490: Using JtaPlatform implementation: [org.hibernate.engine.transaction.jta.platform.internal.NoJtaPlatform]
2023-01-18 23:30:23,833 INFO org.springframework.orm.jpa.LocalContainerEntityManagerFactoryBean [main] Initialized JPA EntityManagerFactory for persistence unit 'default'
2023-01-18 23:30:23,897 WARN org.springframework.boot.autoconfigure.orm.jpa.JpaBaseConfiguration$JpaWebConfiguration [main] spring.jpa.open-in-view is enabled by default. Therefore, database queries may be performed during view rendering. Explicitly configure spring.jpa.open-in-view to disable this warning
2023-01-18 23:30:25,121 INFO org.springframework.security.web.DefaultSecurityFilterChain [main] Will secure any request with [org.springframework.security.web.session.DisableEncodeUrlFilter@6c1f15df, org.springframework.security.web.context.request.async.WebAsyncManagerIntegrationFilter@5e95b0ab, org.springframework.security.web.context.SecurityContextPersistenceFilter@5a583720, org.springframework.security.web.header.HeaderWriterFilter@720c8f80, org.springframework.security.web.authentication.logout.LogoutFilter@7be3abaa, org.springframework.security.web.authentication.www.BasicAuthenticationFilter@3a5ce4b8, org.springframework.security.web.savedrequest.RequestCacheAwareFilter@59a5bb61, org.springframework.security.web.servletapi.SecurityContextHolderAwareRequestFilter@42dd7d82, org.springframework.security.web.authentication.AnonymousAuthenticationFilter@5876bed9, org.springframework.security.web.session.SessionManagementFilter@77cc6a28, org.springframework.security.web.access.ExceptionTranslationFilter@7a30e30b, org.springframework.security.web.access.intercept.FilterSecurityInterceptor@4a0c3aa8]
2023-01-18 23:30:25,189 INFO com.javasession.ems.EmsApplicationTests [main] Started EmsApplicationTests in 4.005 seconds (JVM running for 4.677)
2023-01-18 23:30:25,345 INFO org.springframework.orm.jpa.LocalContainerEntityManagerFactoryBean [SpringApplicationShutdownHook] Closing JPA EntityManagerFactory for persistence unit 'default'
2023-01-18 23:30:25,346 INFO com.zaxxer.hikari.HikariDataSource [SpringApplicationShutdownHook] HikariPool-1 - Shutdown initiated...
2023-01-18 23:30:25,349 INFO com.zaxxer.hikari.HikariDataSource [SpringApplicationShutdownHook] HikariPool-1 - Shutdown completed.
2023-01-18 23:30:52,316 INFO com.javasession.ems.EmsApplicationTests [main] Starting EmsApplicationTests using Java 1.8.0_162 on MSI with PID 724 (started by ARAVIND REDDY in C:\Users\ARAVIND REDDY\Downloads\spring-boot\ems)
2023-01-18 23:30:52,318 INFO com.javasession.ems.EmsApplicationTests [main] No active profile set, falling back to 1 default profile: "default"
2023-01-18 23:30:52,793 INFO org.springframework.data.repository.config.RepositoryConfigurationDelegate [main] Bootstrapping Spring Data JPA repositories in DEFAULT mode.
2023-01-18 23:30:52,845 INFO org.springframework.data.repository.config.RepositoryConfigurationDelegate [main] Finished Spring Data repository scanning in 45 ms. Found 3 JPA repository interfaces.
2023-01-18 23:30:53,308 INFO org.hibernate.jpa.internal.util.LogHelper [main] HHH000204: Processing PersistenceUnitInfo [name: default]
2023-01-18 23:30:53,354 INFO org.hibernate.Version [main] HHH000412: Hibernate ORM core version 5.6.14.Final
2023-01-18 23:30:53,555 INFO org.hibernate.annotations.common.Version [main] HCANN000001: Hibernate Commons Annotations {5.1.2.Final}
2023-01-18 23:30:53,793 INFO com.zaxxer.hikari.HikariDataSource [main] HikariPool-1 - Starting...
2023-01-18 23:30:54,184 INFO com.zaxxer.hikari.HikariDataSource [main] HikariPool-1 - Start completed.
2023-01-18 23:30:54,212 INFO org.hibernate.dialect.Dialect [main] HHH000400: Using dialect: org.hibernate.dialect.MySQL8Dialect
2023-01-18 23:30:54,721 INFO org.hibernate.engine.transaction.jta.platform.internal.JtaPlatformInitiator [main] HHH000490: Using JtaPlatform implementation: [org.hibernate.engine.transaction.jta.platform.internal.NoJtaPlatform]
2023-01-18 23:30:54,728 INFO org.springframework.orm.jpa.LocalContainerEntityManagerFactoryBean [main] Initialized JPA EntityManagerFactory for persistence unit 'default'
2023-01-18 23:30:54,787 WARN org.springframework.boot.autoconfigure.orm.jpa.JpaBaseConfiguration$JpaWebConfiguration [main] spring.jpa.open-in-view is enabled by default. Therefore, database queries may be performed during view rendering. Explicitly configure spring.jpa.open-in-view to disable this warning
2023-01-18 23:30:56,024 INFO org.springframework.security.web.DefaultSecurityFilterChain [main] Will secure any request with [org.springframework.security.web.session.DisableEncodeUrlFilter@7976e536, org.springframework.security.web.context.request.async.WebAsyncManagerIntegrationFilter@670a4738, org.springframework.security.web.context.SecurityContextPersistenceFilter@42dd7d82, org.springframework.security.web.header.HeaderWriterFilter@4ed19b69, org.springframework.security.web.authentication.logout.LogoutFilter@1eb6037d, org.springframework.security.web.authentication.www.BasicAuthenticationFilter@511d5e6e, org.springframework.security.web.savedrequest.RequestCacheAwareFilter@fb5d334, org.springframework.security.web.servletapi.SecurityContextHolderAwareRequestFilter@4d664323, org.springframework.security.web.authentication.AnonymousAuthenticationFilter@47ffdbba, org.springframework.security.web.session.SessionManagementFilter@6f65aa58, org.springframework.security.web.access.ExceptionTranslationFilter@b339a08, org.springframework.security.web.access.intercept.FilterSecurityInterceptor@5bf523e3]
2023-01-18 23:30:56,088 INFO com.javasession.ems.EmsApplicationTests [main] Started EmsApplicationTests in 3.965 seconds (JVM running for 4.606)
2023-01-18 23:30:56,255 INFO org.springframework.orm.jpa.LocalContainerEntityManagerFactoryBean [SpringApplicationShutdownHook] Closing JPA EntityManagerFactory for persistence unit 'default'
2023-01-18 23:30:56,256 INFO com.zaxxer.hikari.HikariDataSource [SpringApplicationShutdownHook] HikariPool-1 - Shutdown initiated...
2023-01-18 23:30:56,259 INFO com.zaxxer.hikari.HikariDataSource [SpringApplicationShutdownHook] HikariPool-1 - Shutdown completed.
2023-01-18 23:31:20,142 INFO com.javasession.ems.EmsApplicationTests [main] Starting EmsApplicationTests using Java 1.8.0_162 on MSI with PID 19796 (started by ARAVIND REDDY in C:\Users\ARAVIND REDDY\Downloads\spring-boot\ems)
2023-01-18 23:31:20,144 INFO com.javasession.ems.EmsApplicationTests [main] No active profile set, falling back to 1 default profile: "default"
2023-01-18 23:31:20,624 INFO org.springframework.data.repository.config.RepositoryConfigurationDelegate [main] Bootstrapping Spring Data JPA repositories in DEFAULT mode.
2023-01-18 23:31:20,677 INFO org.springframework.data.repository.config.RepositoryConfigurationDelegate [main] Finished Spring Data repository scanning in 46 ms. Found 3 JPA repository interfaces.
2023-01-18 23:31:21,140 INFO org.hibernate.jpa.internal.util.LogHelper [main] HHH000204: Processing PersistenceUnitInfo [name: default]
2023-01-18 23:31:21,191 INFO org.hibernate.Version [main] HHH000412: Hibernate ORM core version 5.6.14.Final
2023-01-18 23:31:21,380 INFO org.hibernate.annotations.common.Version [main] HCANN000001: Hibernate Commons Annotations {5.1.2.Final}
2023-01-18 23:31:21,615 INFO com.zaxxer.hikari.HikariDataSource [main] HikariPool-1 - Starting...
2023-01-18 23:31:22,004 INFO com.zaxxer.hikari.HikariDataSource [main] HikariPool-1 - Start completed.
2023-01-18 23:31:22,032 INFO org.hibernate.dialect.Dialect [main] HHH000400: Using dialect: org.hibernate.dialect.MySQL8Dialect
2023-01-18 23:31:22,536 INFO org.hibernate.engine.transaction.jta.platform.internal.JtaPlatformInitiator [main] HHH000490: Using JtaPlatform implementation: [org.hibernate.engine.transaction.jta.platform.internal.NoJtaPlatform]
2023-01-18 23:31:22,543 INFO org.springframework.orm.jpa.LocalContainerEntityManagerFactoryBean [main] Initialized JPA EntityManagerFactory for persistence unit 'default'
2023-01-18 23:31:22,596 WARN org.springframework.boot.autoconfigure.orm.jpa.JpaBaseConfiguration$JpaWebConfiguration [main] spring.jpa.open-in-view is enabled by default. Therefore, database queries may be performed during view rendering. Explicitly configure spring.jpa.open-in-view to disable this warning
2023-01-18 23:31:23,831 INFO org.springframework.security.web.DefaultSecurityFilterChain [main] Will secure any request with [org.springframework.security.web.session.DisableEncodeUrlFilter@6c1f15df, org.springframework.security.web.context.request.async.WebAsyncManagerIntegrationFilter@5e95b0ab, org.springframework.security.web.context.SecurityContextPersistenceFilter@5a583720, org.springframework.security.web.header.HeaderWriterFilter@720c8f80, org.springframework.security.web.authentication.logout.LogoutFilter@7be3abaa, org.springframework.security.web.authentication.www.BasicAuthenticationFilter@3a5ce4b8, org.springframework.security.web.savedrequest.RequestCacheAwareFilter@59a5bb61, org.springframework.security.web.servletapi.SecurityContextHolderAwareRequestFilter@42dd7d82, org.springframework.security.web.authentication.AnonymousAuthenticationFilter@5876bed9, org.springframework.security.web.session.SessionManagementFilter@77cc6a28, org.springframework.security.web.access.ExceptionTranslationFilter@7a30e30b, org.springframework.security.web.access.intercept.FilterSecurityInterceptor@4a0c3aa8]
2023-01-18 23:31:23,896 INFO com.javasession.ems.EmsApplicationTests [main] Started EmsApplicationTests in 3.955 seconds (JVM running for 4.632)
2023-01-18 23:31:24,053 INFO org.springframework.orm.jpa.LocalContainerEntityManagerFactoryBean [SpringApplicationShutdownHook] Closing JPA EntityManagerFactory for persistence unit 'default'
2023-01-18 23:31:24,055 INFO com.zaxxer.hikari.HikariDataSource [SpringApplicationShutdownHook] HikariPool-1 - Shutdown initiated...
2023-01-18 23:31:24,058 INFO com.zaxxer.hikari.HikariDataSource [SpringApplicationShutdownHook] HikariPool-1 - Shutdown completed.
2023-01-18 23:32:01,120 INFO com.javasession.ems.EmsApplicationTests [main] Starting EmsApplicationTests using Java 1.8.0_162 on MSI with PID 19524 (started by ARAVIND REDDY in C:\Users\ARAVIND REDDY\Downloads\spring-boot\ems)
2023-01-18 23:32:01,122 INFO com.javasession.ems.EmsApplicationTests [main] No active profile set, falling back to 1 default profile: "default"
2023-01-18 23:32:01,619 INFO org.springframework.data.repository.config.RepositoryConfigurationDelegate [main] Bootstrapping Spring Data JPA repositories in DEFAULT mode.
2023-01-18 23:32:01,667 INFO org.springframework.data.repository.config.RepositoryConfigurationDelegate [main] Finished Spring Data repository scanning in 41 ms. Found 3 JPA repository interfaces.
2023-01-18 23:32:02,145 INFO org.hibernate.jpa.internal.util.LogHelper [main] HHH000204: Processing PersistenceUnitInfo [name: default]
2023-01-18 23:32:02,188 INFO org.hibernate.Version [main] HHH000412: Hibernate ORM core version 5.6.14.Final
2023-01-18 23:32:02,347 INFO org.hibernate.annotations.common.Version [main] HCANN000001: Hibernate Commons Annotations {5.1.2.Final}
2023-01-18 23:32:02,584 INFO com.zaxxer.hikari.HikariDataSource [main] HikariPool-1 - Starting...
2023-01-18 23:32:02,978 INFO com.zaxxer.hikari.HikariDataSource [main] HikariPool-1 - Start completed.
2023-01-18 23:32:03,006 INFO org.hibernate.dialect.Dialect [main] HHH000400: Using dialect: org.hibernate.dialect.MySQL8Dialect
2023-01-18 23:32:03,513 INFO org.hibernate.engine.transaction.jta.platform.internal.JtaPlatformInitiator [main] HHH000490: Using JtaPlatform implementation: [org.hibernate.engine.transaction.jta.platform.internal.NoJtaPlatform]
2023-01-18 23:32:03,519 INFO org.springframework.orm.jpa.LocalContainerEntityManagerFactoryBean [main] Initialized JPA EntityManagerFactory for persistence unit 'default'
2023-01-18 23:32:03,565 WARN org.springframework.boot.autoconfigure.orm.jpa.JpaBaseConfiguration$JpaWebConfiguration [main] spring.jpa.open-in-view is enabled by default. Therefore, database queries may be performed during view rendering. Explicitly configure spring.jpa.open-in-view to disable this warning
2023-01-18 23:32:04,824 INFO org.springframework.security.web.DefaultSecurityFilterChain [main] Will secure any request with [org.springframework.security.web.session.DisableEncodeUrlFilter@7976e536, org.springframework.security.web.context.request.async.WebAsyncManagerIntegrationFilter@670a4738, org.springframework.security.web.context.SecurityContextPersistenceFilter@42dd7d82, org.springframework.security.web.header.HeaderWriterFilter@4ed19b69, org.springframework.security.web.authentication.logout.LogoutFilter@1eb6037d, org.springframework.security.web.authentication.www.BasicAuthenticationFilter@511d5e6e, org.springframework.security.web.savedrequest.RequestCacheAwareFilter@fb5d334, org.springframework.security.web.servletapi.SecurityContextHolderAwareRequestFilter@4d664323, org.springframework.security.web.authentication.AnonymousAuthenticationFilter@47ffdbba, org.springframework.security.web.session.SessionManagementFilter@6f65aa58, org.springframework.security.web.access.ExceptionTranslationFilter@b339a08, org.springframework.security.web.access.intercept.FilterSecurityInterceptor@5bf523e3]
2023-01-18 23:32:04,892 INFO com.javasession.ems.EmsApplicationTests [main] Started EmsApplicationTests in 3.974 seconds (JVM running for 4.616)
2023-01-18 23:32:05,053 INFO org.springframework.orm.jpa.LocalContainerEntityManagerFactoryBean [SpringApplicationShutdownHook] Closing JPA EntityManagerFactory for persistence unit 'default'
2023-01-18 23:32:05,055 INFO com.zaxxer.hikari.HikariDataSource [SpringApplicationShutdownHook] HikariPool-1 - Shutdown initiated...
2023-01-18 23:32:05,059 INFO com.zaxxer.hikari.HikariDataSource [SpringApplicationShutdownHook] HikariPool-1 - Shutdown completed.
