2023-01-19 22:11:12,833 INFO com.javasession.ems.EmsApplicationTests [main] Starting EmsApplicationTests using Java 1.8.0_162 on MSI with PID 21392 (started by ARAVIND REDDY in C:\Users\ARAVIND REDDY\Downloads\spring-boot\ems)
2023-01-19 22:11:12,842 INFO com.javasession.ems.EmsApplicationTests [main] No active profile set, falling back to 1 default profile: "default"
2023-01-19 22:11:13,477 INFO org.springframework.data.repository.config.RepositoryConfigurationDelegate [main] Bootstrapping Spring Data JPA repositories in DEFAULT mode.
2023-01-19 22:11:13,540 INFO org.springframework.data.repository.config.RepositoryConfigurationDelegate [main] Finished Spring Data repository scanning in 55 ms. Found 3 JPA repository interfaces.
2023-01-19 22:11:14,093 INFO org.hibernate.jpa.internal.util.LogHelper [main] HHH000204: Processing PersistenceUnitInfo [name: default]
2023-01-19 22:11:14,156 INFO org.hibernate.Version [main] HHH000412: Hibernate ORM core version 5.6.14.Final
2023-01-19 22:11:14,395 INFO org.hibernate.annotations.common.Version [main] HCANN000001: Hibernate Commons Annotations {5.1.2.Final}
2023-01-19 22:11:14,735 INFO com.zaxxer.hikari.HikariDataSource [main] HikariPool-1 - Starting...
2023-01-19 22:11:15,265 INFO com.zaxxer.hikari.HikariDataSource [main] HikariPool-1 - Start completed.
2023-01-19 22:11:15,303 INFO org.hibernate.dialect.Dialect [main] HHH000400: Using dialect: org.hibernate.dialect.MySQL8Dialect
2023-01-19 22:11:16,042 INFO org.hibernate.engine.transaction.jta.platform.internal.JtaPlatformInitiator [main] HHH000490: Using JtaPlatform implementation: [org.hibernate.engine.transaction.jta.platform.internal.NoJtaPlatform]
2023-01-19 22:11:16,051 INFO org.springframework.orm.jpa.LocalContainerEntityManagerFactoryBean [main] Initialized JPA EntityManagerFactory for persistence unit 'default'
2023-01-19 22:11:16,127 WARN org.springframework.boot.autoconfigure.orm.jpa.JpaBaseConfiguration$JpaWebConfiguration [main] spring.jpa.open-in-view is enabled by default. Therefore, database queries may be performed during view rendering. Explicitly configure spring.jpa.open-in-view to disable this warning
2023-01-19 22:11:17,605 INFO org.springframework.security.web.DefaultSecurityFilterChain [main] Will secure any request with [org.springframework.security.web.session.DisableEncodeUrlFilter@4e756867, org.springframework.security.web.context.request.async.WebAsyncManagerIntegrationFilter@38ebc866, org.springframework.security.web.context.SecurityContextPersistenceFilter@47c81e89, org.springframework.security.web.header.HeaderWriterFilter@6fa3def8, org.springframework.security.web.authentication.logout.LogoutFilter@3b01897f, org.springframework.security.web.authentication.www.BasicAuthenticationFilter@1dcca426, org.springframework.security.web.savedrequest.RequestCacheAwareFilter@563ada5, org.springframework.security.web.servletapi.SecurityContextHolderAwareRequestFilter@185339ed, org.springframework.security.web.authentication.AnonymousAuthenticationFilter@6adcf059, org.springframework.security.web.session.SessionManagementFilter@a1cb94, org.springframework.security.web.access.ExceptionTranslationFilter@3fe98084, org.springframework.security.web.access.intercept.FilterSecurityInterceptor@41f7c02d]
2023-01-19 22:11:17,676 INFO com.javasession.ems.EmsApplicationTests [main] Started EmsApplicationTests in 5.095 seconds (JVM running for 6.088)
2023-01-19 22:11:17,780 INFO org.springframework.orm.jpa.LocalContainerEntityManagerFactoryBean [SpringApplicationShutdownHook] Closing JPA EntityManagerFactory for persistence unit 'default'
2023-01-19 22:11:17,781 INFO com.zaxxer.hikari.HikariDataSource [SpringApplicationShutdownHook] HikariPool-1 - Shutdown initiated...
2023-01-19 22:11:17,784 INFO com.zaxxer.hikari.HikariDataSource [SpringApplicationShutdownHook] HikariPool-1 - Shutdown completed.
2023-01-19 22:28:37,345 INFO com.javasession.bms.service.impl.BranchesServiceImplTest [main] Starting BranchesServiceImplTest using Java 1.8.0_162 on MSI with PID 12768 (started by ARAVIND REDDY in C:\Users\ARAVIND REDDY\Downloads\spring-boot\ems)
2023-01-19 22:28:37,347 INFO com.javasession.bms.service.impl.BranchesServiceImplTest [main] No active profile set, falling back to 1 default profile: "default"
2023-01-19 22:28:37,882 INFO org.springframework.data.repository.config.RepositoryConfigurationDelegate [main] Bootstrapping Spring Data JPA repositories in DEFAULT mode.
2023-01-19 22:28:37,950 INFO org.springframework.data.repository.config.RepositoryConfigurationDelegate [main] Finished Spring Data repository scanning in 60 ms. Found 3 JPA repository interfaces.
2023-01-19 22:28:38,481 INFO org.hibernate.jpa.internal.util.LogHelper [main] HHH000204: Processing PersistenceUnitInfo [name: default]
2023-01-19 22:28:38,536 INFO org.hibernate.Version [main] HHH000412: Hibernate ORM core version 5.6.14.Final
2023-01-19 22:28:38,747 INFO org.hibernate.annotations.common.Version [main] HCANN000001: Hibernate Commons Annotations {5.1.2.Final}
2023-01-19 22:28:38,994 INFO com.zaxxer.hikari.HikariDataSource [main] HikariPool-1 - Starting...
2023-01-19 22:28:39,469 INFO com.zaxxer.hikari.HikariDataSource [main] HikariPool-1 - Start completed.
2023-01-19 22:28:39,509 INFO org.hibernate.dialect.Dialect [main] HHH000400: Using dialect: org.hibernate.dialect.MySQL8Dialect
2023-01-19 22:28:40,101 INFO org.hibernate.engine.transaction.jta.platform.internal.JtaPlatformInitiator [main] HHH000490: Using JtaPlatform implementation: [org.hibernate.engine.transaction.jta.platform.internal.NoJtaPlatform]
2023-01-19 22:28:40,109 INFO org.springframework.orm.jpa.LocalContainerEntityManagerFactoryBean [main] Initialized JPA EntityManagerFactory for persistence unit 'default'
2023-01-19 22:28:40,173 WARN org.springframework.boot.autoconfigure.orm.jpa.JpaBaseConfiguration$JpaWebConfiguration [main] spring.jpa.open-in-view is enabled by default. Therefore, database queries may be performed during view rendering. Explicitly configure spring.jpa.open-in-view to disable this warning
2023-01-19 22:28:41,640 INFO org.springframework.security.web.DefaultSecurityFilterChain [main] Will secure any request with [org.springframework.security.web.session.DisableEncodeUrlFilter@73ddb7ef, org.springframework.security.web.context.request.async.WebAsyncManagerIntegrationFilter@67f8f5a6, org.springframework.security.web.context.SecurityContextPersistenceFilter@6f65aa58, org.springframework.security.web.header.HeaderWriterFilter@b339a08, org.springframework.security.web.authentication.logout.LogoutFilter@3c743d40, org.springframework.security.web.authentication.www.BasicAuthenticationFilter@38826984, org.springframework.security.web.savedrequest.RequestCacheAwareFilter@36d7a68a, org.springframework.security.web.servletapi.SecurityContextHolderAwareRequestFilter@45dc7be, org.springframework.security.web.authentication.AnonymousAuthenticationFilter@141b011a, org.springframework.security.web.session.SessionManagementFilter@5a583720, org.springframework.security.web.access.ExceptionTranslationFilter@720c8f80, org.springframework.security.web.access.intercept.FilterSecurityInterceptor@26a33cf]
2023-01-19 22:28:41,731 INFO com.javasession.bms.service.impl.BranchesServiceImplTest [main] Started BranchesServiceImplTest in 4.591 seconds (JVM running for 5.324)
2023-01-19 22:28:41,904 INFO org.springframework.orm.jpa.LocalContainerEntityManagerFactoryBean [SpringApplicationShutdownHook] Closing JPA EntityManagerFactory for persistence unit 'default'
2023-01-19 22:28:41,905 INFO com.zaxxer.hikari.HikariDataSource [SpringApplicationShutdownHook] HikariPool-1 - Shutdown initiated...
2023-01-19 22:28:41,908 INFO com.zaxxer.hikari.HikariDataSource [SpringApplicationShutdownHook] HikariPool-1 - Shutdown completed.
2023-01-19 22:38:16,303 INFO com.javasession.bms.service.impl.BranchesServiceImplTest [main] Starting BranchesServiceImplTest using Java 1.8.0_162 on MSI with PID 4212 (started by ARAVIND REDDY in C:\Users\ARAVIND REDDY\Downloads\spring-boot\ems)
2023-01-19 22:38:16,304 INFO com.javasession.bms.service.impl.BranchesServiceImplTest [main] No active profile set, falling back to 1 default profile: "default"
2023-01-19 22:38:16,907 INFO org.springframework.data.repository.config.RepositoryConfigurationDelegate [main] Bootstrapping Spring Data JPA repositories in DEFAULT mode.
2023-01-19 22:38:16,975 INFO org.springframework.data.repository.config.RepositoryConfigurationDelegate [main] Finished Spring Data repository scanning in 58 ms. Found 3 JPA repository interfaces.
2023-01-19 22:38:17,500 INFO org.hibernate.jpa.internal.util.LogHelper [main] HHH000204: Processing PersistenceUnitInfo [name: default]
2023-01-19 22:38:17,550 INFO org.hibernate.Version [main] HHH000412: Hibernate ORM core version 5.6.14.Final
2023-01-19 22:38:17,765 INFO org.hibernate.annotations.common.Version [main] HCANN000001: Hibernate Commons Annotations {5.1.2.Final}
2023-01-19 22:38:18,035 INFO com.zaxxer.hikari.HikariDataSource [main] HikariPool-1 - Starting...
2023-01-19 22:38:18,472 INFO com.zaxxer.hikari.HikariDataSource [main] HikariPool-1 - Start completed.
2023-01-19 22:38:18,504 INFO org.hibernate.dialect.Dialect [main] HHH000400: Using dialect: org.hibernate.dialect.MySQL8Dialect
2023-01-19 22:38:19,151 INFO org.hibernate.engine.transaction.jta.platform.internal.JtaPlatformInitiator [main] HHH000490: Using JtaPlatform implementation: [org.hibernate.engine.transaction.jta.platform.internal.NoJtaPlatform]
2023-01-19 22:38:19,162 INFO org.springframework.orm.jpa.LocalContainerEntityManagerFactoryBean [main] Initialized JPA EntityManagerFactory for persistence unit 'default'
2023-01-19 22:38:19,227 WARN org.springframework.boot.autoconfigure.orm.jpa.JpaBaseConfiguration$JpaWebConfiguration [main] spring.jpa.open-in-view is enabled by default. Therefore, database queries may be performed during view rendering. Explicitly configure spring.jpa.open-in-view to disable this warning
2023-01-19 22:38:20,962 INFO org.springframework.security.web.DefaultSecurityFilterChain [main] Will secure any request with [org.springframework.security.web.session.DisableEncodeUrlFilter@47ffdbba, org.springframework.security.web.context.request.async.WebAsyncManagerIntegrationFilter@ba0018e, org.springframework.security.web.context.SecurityContextPersistenceFilter@fb5d334, org.springframework.security.web.header.HeaderWriterFilter@6f65aa58, org.springframework.security.web.authentication.logout.LogoutFilter@3a5ce4b8, org.springframework.security.web.authentication.www.BasicAuthenticationFilter@2e1291a4, org.springframework.security.web.savedrequest.RequestCacheAwareFilter@2d459bda, org.springframework.security.web.servletapi.SecurityContextHolderAwareRequestFilter@2676d96a, org.springframework.security.web.authentication.AnonymousAuthenticationFilter@45311a99, org.springframework.security.web.session.SessionManagementFilter@36d7a68a, org.springframework.security.web.access.ExceptionTranslationFilter@5a583720, org.springframework.security.web.access.intercept.FilterSecurityInterceptor@65259c53]
2023-01-19 22:38:21,066 INFO com.javasession.bms.service.impl.BranchesServiceImplTest [main] Started BranchesServiceImplTest in 4.995 seconds (JVM running for 5.783)
2023-01-19 22:38:21,280 INFO org.springframework.orm.jpa.LocalContainerEntityManagerFactoryBean [SpringApplicationShutdownHook] Closing JPA EntityManagerFactory for persistence unit 'default'
2023-01-19 22:38:21,283 INFO com.zaxxer.hikari.HikariDataSource [SpringApplicationShutdownHook] HikariPool-1 - Shutdown initiated...
2023-01-19 22:38:21,286 INFO com.zaxxer.hikari.HikariDataSource [SpringApplicationShutdownHook] HikariPool-1 - Shutdown completed.
2023-01-19 22:46:23,243 INFO com.javasession.bms.service.impl.BranchesServiceImplTest [main] Starting BranchesServiceImplTest using Java 1.8.0_162 on MSI with PID 2348 (started by ARAVIND REDDY in C:\Users\ARAVIND REDDY\Downloads\spring-boot\ems)
2023-01-19 22:46:23,245 INFO com.javasession.bms.service.impl.BranchesServiceImplTest [main] No active profile set, falling back to 1 default profile: "default"
2023-01-19 22:46:23,844 INFO org.springframework.data.repository.config.RepositoryConfigurationDelegate [main] Bootstrapping Spring Data JPA repositories in DEFAULT mode.
2023-01-19 22:46:23,910 INFO org.springframework.data.repository.config.RepositoryConfigurationDelegate [main] Finished Spring Data repository scanning in 57 ms. Found 3 JPA repository interfaces.
2023-01-19 22:46:24,415 INFO org.hibernate.jpa.internal.util.LogHelper [main] HHH000204: Processing PersistenceUnitInfo [name: default]
2023-01-19 22:46:24,478 INFO org.hibernate.Version [main] HHH000412: Hibernate ORM core version 5.6.14.Final
2023-01-19 22:46:24,710 INFO org.hibernate.annotations.common.Version [main] HCANN000001: Hibernate Commons Annotations {5.1.2.Final}
2023-01-19 22:46:24,987 INFO com.zaxxer.hikari.HikariDataSource [main] HikariPool-1 - Starting...
2023-01-19 22:46:25,443 INFO com.zaxxer.hikari.HikariDataSource [main] HikariPool-1 - Start completed.
2023-01-19 22:46:25,478 INFO org.hibernate.dialect.Dialect [main] HHH000400: Using dialect: org.hibernate.dialect.MySQL8Dialect
2023-01-19 22:46:26,167 INFO org.hibernate.engine.transaction.jta.platform.internal.JtaPlatformInitiator [main] HHH000490: Using JtaPlatform implementation: [org.hibernate.engine.transaction.jta.platform.internal.NoJtaPlatform]
2023-01-19 22:46:26,175 INFO org.springframework.orm.jpa.LocalContainerEntityManagerFactoryBean [main] Initialized JPA EntityManagerFactory for persistence unit 'default'
2023-01-19 22:46:26,229 WARN org.springframework.boot.autoconfigure.orm.jpa.JpaBaseConfiguration$JpaWebConfiguration [main] spring.jpa.open-in-view is enabled by default. Therefore, database queries may be performed during view rendering. Explicitly configure spring.jpa.open-in-view to disable this warning
2023-01-19 22:46:27,678 INFO org.springframework.security.web.DefaultSecurityFilterChain [main] Will secure any request with [org.springframework.security.web.session.DisableEncodeUrlFilter@47ffdbba, org.springframework.security.web.context.request.async.WebAsyncManagerIntegrationFilter@ba0018e, org.springframework.security.web.context.SecurityContextPersistenceFilter@fb5d334, org.springframework.security.web.header.HeaderWriterFilter@6f65aa58, org.springframework.security.web.authentication.logout.LogoutFilter@3a5ce4b8, org.springframework.security.web.authentication.www.BasicAuthenticationFilter@2e1291a4, org.springframework.security.web.savedrequest.RequestCacheAwareFilter@2d459bda, org.springframework.security.web.servletapi.SecurityContextHolderAwareRequestFilter@2676d96a, org.springframework.security.web.authentication.AnonymousAuthenticationFilter@45311a99, org.springframework.security.web.session.SessionManagementFilter@36d7a68a, org.springframework.security.web.access.ExceptionTranslationFilter@5a583720, org.springframework.security.web.access.intercept.FilterSecurityInterceptor@65259c53]
2023-01-19 22:46:27,758 INFO com.javasession.bms.service.impl.BranchesServiceImplTest [main] Started BranchesServiceImplTest in 4.78 seconds (JVM running for 5.743)
2023-01-19 22:46:27,952 INFO org.springframework.orm.jpa.LocalContainerEntityManagerFactoryBean [SpringApplicationShutdownHook] Closing JPA EntityManagerFactory for persistence unit 'default'
2023-01-19 22:46:27,954 INFO com.zaxxer.hikari.HikariDataSource [SpringApplicationShutdownHook] HikariPool-1 - Shutdown initiated...
2023-01-19 22:46:27,959 INFO com.zaxxer.hikari.HikariDataSource [SpringApplicationShutdownHook] HikariPool-1 - Shutdown completed.
2023-01-19 22:48:02,769 INFO com.javasession.bms.service.impl.BranchesServiceImplTest [main] Starting BranchesServiceImplTest using Java 1.8.0_162 on MSI with PID 9392 (started by ARAVIND REDDY in C:\Users\ARAVIND REDDY\Downloads\spring-boot\ems)
2023-01-19 22:48:02,772 INFO com.javasession.bms.service.impl.BranchesServiceImplTest [main] No active profile set, falling back to 1 default profile: "default"
2023-01-19 22:48:03,342 INFO org.springframework.data.repository.config.RepositoryConfigurationDelegate [main] Bootstrapping Spring Data JPA repositories in DEFAULT mode.
2023-01-19 22:48:03,404 INFO org.springframework.data.repository.config.RepositoryConfigurationDelegate [main] Finished Spring Data repository scanning in 55 ms. Found 3 JPA repository interfaces.
2023-01-19 22:48:03,919 INFO org.hibernate.jpa.internal.util.LogHelper [main] HHH000204: Processing PersistenceUnitInfo [name: default]
2023-01-19 22:48:03,969 INFO org.hibernate.Version [main] HHH000412: Hibernate ORM core version 5.6.14.Final
2023-01-19 22:48:04,180 INFO org.hibernate.annotations.common.Version [main] HCANN000001: Hibernate Commons Annotations {5.1.2.Final}
2023-01-19 22:48:04,420 INFO com.zaxxer.hikari.HikariDataSource [main] HikariPool-1 - Starting...
2023-01-19 22:48:04,824 INFO com.zaxxer.hikari.HikariDataSource [main] HikariPool-1 - Start completed.
2023-01-19 22:48:04,852 INFO org.hibernate.dialect.Dialect [main] HHH000400: Using dialect: org.hibernate.dialect.MySQL8Dialect
2023-01-19 22:48:05,390 INFO org.hibernate.engine.transaction.jta.platform.internal.JtaPlatformInitiator [main] HHH000490: Using JtaPlatform implementation: [org.hibernate.engine.transaction.jta.platform.internal.NoJtaPlatform]
2023-01-19 22:48:05,398 INFO org.springframework.orm.jpa.LocalContainerEntityManagerFactoryBean [main] Initialized JPA EntityManagerFactory for persistence unit 'default'
2023-01-19 22:48:05,455 WARN org.springframework.boot.autoconfigure.orm.jpa.JpaBaseConfiguration$JpaWebConfiguration [main] spring.jpa.open-in-view is enabled by default. Therefore, database queries may be performed during view rendering. Explicitly configure spring.jpa.open-in-view to disable this warning
2023-01-19 22:48:06,830 INFO org.springframework.security.web.DefaultSecurityFilterChain [main] Will secure any request with [org.springframework.security.web.session.DisableEncodeUrlFilter@73ddb7ef, org.springframework.security.web.context.request.async.WebAsyncManagerIntegrationFilter@67f8f5a6, org.springframework.security.web.context.SecurityContextPersistenceFilter@6f65aa58, org.springframework.security.web.header.HeaderWriterFilter@b339a08, org.springframework.security.web.authentication.logout.LogoutFilter@3c743d40, org.springframework.security.web.authentication.www.BasicAuthenticationFilter@38826984, org.springframework.security.web.savedrequest.RequestCacheAwareFilter@36d7a68a, org.springframework.security.web.servletapi.SecurityContextHolderAwareRequestFilter@45dc7be, org.springframework.security.web.authentication.AnonymousAuthenticationFilter@141b011a, org.springframework.security.web.session.SessionManagementFilter@5a583720, org.springframework.security.web.access.ExceptionTranslationFilter@720c8f80, org.springframework.security.web.access.intercept.FilterSecurityInterceptor@26a33cf]
2023-01-19 22:48:06,912 INFO com.javasession.bms.service.impl.BranchesServiceImplTest [main] Started BranchesServiceImplTest in 4.358 seconds (JVM running for 5.033)
2023-01-19 22:48:07,086 INFO org.springframework.orm.jpa.LocalContainerEntityManagerFactoryBean [SpringApplicationShutdownHook] Closing JPA EntityManagerFactory for persistence unit 'default'
2023-01-19 22:48:07,088 INFO com.zaxxer.hikari.HikariDataSource [SpringApplicationShutdownHook] HikariPool-1 - Shutdown initiated...
2023-01-19 22:48:07,092 INFO com.zaxxer.hikari.HikariDataSource [SpringApplicationShutdownHook] HikariPool-1 - Shutdown completed.
2023-01-19 23:12:16,837 INFO com.javasession.bms.BmsApplication [restartedMain] Starting BmsApplication using Java 1.8.0_162 on MSI with PID 10708 (C:\Users\ARAVIND REDDY\Downloads\spring-boot\ems\target\classes started by ARAVIND REDDY in C:\Users\ARAVIND REDDY\Downloads\spring-boot\ems)
2023-01-19 23:12:16,840 INFO com.javasession.bms.BmsApplication [restartedMain] No active profile set, falling back to 1 default profile: "default"
2023-01-19 23:12:16,879 INFO org.springframework.boot.devtools.env.DevToolsPropertyDefaultsPostProcessor [restartedMain] Devtools property defaults active! Set 'spring.devtools.add-properties' to 'false' to disable
2023-01-19 23:12:16,879 INFO org.springframework.boot.devtools.env.DevToolsPropertyDefaultsPostProcessor [restartedMain] For additional web related logging consider setting the 'logging.level.web' property to 'DEBUG'
2023-01-19 23:12:17,431 INFO org.springframework.data.repository.config.RepositoryConfigurationDelegate [restartedMain] Bootstrapping Spring Data JPA repositories in DEFAULT mode.
2023-01-19 23:12:17,489 INFO org.springframework.data.repository.config.RepositoryConfigurationDelegate [restartedMain] Finished Spring Data repository scanning in 48 ms. Found 3 JPA repository interfaces.
2023-01-19 23:12:18,334 INFO org.springframework.boot.web.embedded.tomcat.TomcatWebServer [restartedMain] Tomcat initialized with port(s): 8080 (http)
2023-01-19 23:12:18,345 INFO org.apache.coyote.http11.Http11NioProtocol [restartedMain] Initializing ProtocolHandler ["http-nio-8080"]
2023-01-19 23:12:18,346 INFO org.apache.catalina.core.StandardService [restartedMain] Starting service [Tomcat]
2023-01-19 23:12:18,346 INFO org.apache.catalina.core.StandardEngine [restartedMain] Starting Servlet engine: [Apache Tomcat/9.0.70]
2023-01-19 23:12:18,413 INFO org.apache.catalina.core.ContainerBase.[Tomcat].[localhost].[/] [restartedMain] Initializing Spring embedded WebApplicationContext
2023-01-19 23:12:18,413 INFO org.springframework.boot.web.servlet.context.ServletWebServerApplicationContext [restartedMain] Root WebApplicationContext: initialization completed in 1533 ms
2023-01-19 23:12:18,442 INFO com.zaxxer.hikari.HikariDataSource [restartedMain] HikariPool-1 - Starting...
2023-01-19 23:12:18,915 INFO com.zaxxer.hikari.HikariDataSource [restartedMain] HikariPool-1 - Start completed.
2023-01-19 23:12:18,922 INFO org.springframework.boot.autoconfigure.h2.H2ConsoleAutoConfiguration [restartedMain] H2 console available at '/h2-console'. Database available at 'jdbc:mysql://localhost:3306/ems'
2023-01-19 23:12:19,075 INFO org.hibernate.jpa.internal.util.LogHelper [restartedMain] HHH000204: Processing PersistenceUnitInfo [name: default]
2023-01-19 23:12:19,138 INFO org.hibernate.Version [restartedMain] HHH000412: Hibernate ORM core version 5.6.14.Final
2023-01-19 23:12:19,348 INFO org.hibernate.annotations.common.Version [restartedMain] HCANN000001: Hibernate Commons Annotations {5.1.2.Final}
2023-01-19 23:12:19,476 INFO org.hibernate.dialect.Dialect [restartedMain] HHH000400: Using dialect: org.hibernate.dialect.MySQL8Dialect
2023-01-19 23:12:20,092 INFO org.hibernate.engine.transaction.jta.platform.internal.JtaPlatformInitiator [restartedMain] HHH000490: Using JtaPlatform implementation: [org.hibernate.engine.transaction.jta.platform.internal.NoJtaPlatform]
2023-01-19 23:12:20,099 INFO org.springframework.orm.jpa.LocalContainerEntityManagerFactoryBean [restartedMain] Initialized JPA EntityManagerFactory for persistence unit 'default'
2023-01-19 23:12:20,147 WARN org.springframework.boot.autoconfigure.orm.jpa.JpaBaseConfiguration$JpaWebConfiguration [restartedMain] spring.jpa.open-in-view is enabled by default. Therefore, database queries may be performed during view rendering. Explicitly configure spring.jpa.open-in-view to disable this warning
2023-01-19 23:12:20,417 INFO com.javasession.bms.configuration.RestTemplateConfiguration [restartedMain] creating rest tempplate object.
2023-01-19 23:12:21,045 INFO org.springframework.security.web.DefaultSecurityFilterChain [restartedMain] Will secure any request with [org.springframework.security.web.session.DisableEncodeUrlFilter@31b19f2c, org.springframework.security.web.context.request.async.WebAsyncManagerIntegrationFilter@115324fe, org.springframework.security.web.context.SecurityContextPersistenceFilter@4efe1afe, org.springframework.security.web.header.HeaderWriterFilter@2ce817f, org.springframework.security.web.authentication.logout.LogoutFilter@e5b3f52, org.springframework.security.web.authentication.www.BasicAuthenticationFilter@686816ff, org.springframework.security.web.savedrequest.RequestCacheAwareFilter@62686146, org.springframework.security.web.servletapi.SecurityContextHolderAwareRequestFilter@73108d30, org.springframework.security.web.authentication.AnonymousAuthenticationFilter@1e766ede, org.springframework.security.web.session.SessionManagementFilter@668802a0, org.springframework.security.web.access.ExceptionTranslationFilter@3de90cf7, org.springframework.security.web.access.intercept.FilterSecurityInterceptor@350cc56c]
2023-01-19 23:12:21,079 INFO org.springframework.boot.devtools.autoconfigure.OptionalLiveReloadServer [restartedMain] LiveReload server is running on port 35729
2023-01-19 23:12:21,087 INFO org.apache.coyote.http11.Http11NioProtocol [restartedMain] Starting ProtocolHandler ["http-nio-8080"]
2023-01-19 23:12:21,110 INFO org.springframework.boot.web.embedded.tomcat.TomcatWebServer [restartedMain] Tomcat started on port(s): 8080 (http) with context path ''
2023-01-19 23:12:21,117 INFO com.javasession.bms.BmsApplication [restartedMain] Started BmsApplication in 4.613 seconds (JVM running for 5.244)
